Traceback (most recent call last):
  File "/opt/hostedtoolcache/Python/3.9.19/x64/lib/python3.9/site-packages/jupyter_cache/executors/utils.py", line 58, in single_nb_execution
    executenb(
  File "/opt/hostedtoolcache/Python/3.9.19/x64/lib/python3.9/site-packages/nbclient/client.py", line 1314, in execute
    return NotebookClient(nb=nb, resources=resources, km=km, **kwargs).execute()
  File "/opt/hostedtoolcache/Python/3.9.19/x64/lib/python3.9/site-packages/jupyter_core/utils/__init__.py", line 165, in wrapped
    return loop.run_until_complete(inner)
  File "/opt/hostedtoolcache/Python/3.9.19/x64/lib/python3.9/asyncio/base_events.py", line 647, in run_until_complete
    return future.result()
  File "/opt/hostedtoolcache/Python/3.9.19/x64/lib/python3.9/site-packages/nbclient/client.py", line 709, in async_execute
    await self.async_execute_cell(
  File "/opt/hostedtoolcache/Python/3.9.19/x64/lib/python3.9/site-packages/nbclient/client.py", line 1062, in async_execute_cell
    await self._check_raise_for_error(cell, cell_index, exec_reply)
  File "/opt/hostedtoolcache/Python/3.9.19/x64/lib/python3.9/site-packages/nbclient/client.py", line 918, in _check_raise_for_error
    raise CellExecutionError.from_cell_and_msg(cell, exec_reply_content)
nbclient.exceptions.CellExecutionError: An error occurred while executing the following cell:
------------------
import pandas as pd # Î· Î²Î¹Î²Î»Î¹Î¿Î¸Î®ÎºÎ· pandas Î³Î¹Î± Ï„Î·Î½ Î´Î¹Î±Ï‡ÎµÎ¯ÏÎ¹ÏƒÎ· Ï€Î¹Î½Î¬ÎºÏ‰Î½

import seaborn as sns # Î· Î²Î¹Î²Î»Î¹Î¿Î¸Î®ÎºÎ· seaborn  Î³Î¹Î± Î´Î·Î¼Î¹Î¿Ï…ÏÎ³Î¯Î± Î´Î¹Î±Î³ÏÎ±Î¼Î¼Î¬Ï„Ï‰Î½ 
import matplotlib.pyplot as plt # Î· Î²Î¹Î²Î»Î¹Î¿Î¸Î®ÎºÎ· seaborn  Î³Î¹Î± Î´Î·Î¼Î¹Î¿Ï…ÏÎ³Î¯Î± Î´Î¹Î±Î³ÏÎ±Î¼Î¼Î¬Ï„Ï‰Î½, Ï€Î¹Î¿ ÏƒÏÎ½Î¸ÎµÏ„Î·
sns.set() # Î¿ÏÎ¹ÏƒÎ¼ÏŒÏ‚ Ï€ÏÎ¿ÎºÎ±Î¸Î¿ÏÎ¹ÏƒÎ¼Î­Î½Ï‰Î½ ÏÏ…Î¸Î¼Î¯ÏƒÎµÏ‰Î½ Î³Î¹Î± Ï„Î·Î½ Î²Î¹Î²Î»Î¹Î¿Î¸Î®ÎºÎ· matplotlib ÎºÎ±Î¹ seaborn (themes, fonds, scaling, color palette)
------------------


[0;31m---------------------------------------------------------------------------[0m
[0;31mModuleNotFoundError[0m                       Traceback (most recent call last)
Cell [0;32mIn[3], line 3[0m
[1;32m      1[0m [38;5;28;01mimport[39;00m [38;5;21;01mpandas[39;00m [38;5;28;01mas[39;00m [38;5;21;01mpd[39;00m [38;5;66;03m# Î· Î²Î¹Î²Î»Î¹Î¿Î¸Î®ÎºÎ· pandas Î³Î¹Î± Ï„Î·Î½ Î´Î¹Î±Ï‡ÎµÎ¯ÏÎ¹ÏƒÎ· Ï€Î¹Î½Î¬ÎºÏ‰Î½[39;00m
[0;32m----> 3[0m [38;5;28;01mimport[39;00m [38;5;21;01mseaborn[39;00m [38;5;28;01mas[39;00m [38;5;21;01msns[39;00m [38;5;66;03m# Î· Î²Î¹Î²Î»Î¹Î¿Î¸Î®ÎºÎ· seaborn  Î³Î¹Î± Î´Î·Î¼Î¹Î¿Ï…ÏÎ³Î¯Î± Î´Î¹Î±Î³ÏÎ±Î¼Î¼Î¬Ï„Ï‰Î½ [39;00m
[1;32m      4[0m [38;5;28;01mimport[39;00m [38;5;21;01mmatplotlib[39;00m[38;5;21;01m.[39;00m[38;5;21;01mpyplot[39;00m [38;5;28;01mas[39;00m [38;5;21;01mplt[39;00m [38;5;66;03m# Î· Î²Î¹Î²Î»Î¹Î¿Î¸Î®ÎºÎ· seaborn  Î³Î¹Î± Î´Î·Î¼Î¹Î¿Ï…ÏÎ³Î¯Î± Î´Î¹Î±Î³ÏÎ±Î¼Î¼Î¬Ï„Ï‰Î½, Ï€Î¹Î¿ ÏƒÏÎ½Î¸ÎµÏ„Î·[39;00m
[1;32m      5[0m sns[38;5;241m.[39mset() [38;5;66;03m# Î¿ÏÎ¹ÏƒÎ¼ÏŒÏ‚ Ï€ÏÎ¿ÎºÎ±Î¸Î¿ÏÎ¹ÏƒÎ¼Î­Î½Ï‰Î½ ÏÏ…Î¸Î¼Î¯ÏƒÎµÏ‰Î½ Î³Î¹Î± Ï„Î·Î½ Î²Î¹Î²Î»Î¹Î¿Î¸Î®ÎºÎ· matplotlib ÎºÎ±Î¹ seaborn (themes, fonds, scaling, color palette)[39;00m

[0;31mModuleNotFoundError[0m: No module named 'seaborn'

