Traceback (most recent call last):
  File "/home/leonidas/anaconda3/lib/python3.7/site-packages/jupyter_cache/executors/utils.py", line 56, in single_nb_execution
    record_timing=False,
  File "/home/leonidas/anaconda3/lib/python3.7/site-packages/nbclient/client.py", line 1204, in execute
    return NotebookClient(nb=nb, resources=resources, km=km, **kwargs).execute()
  File "/home/leonidas/anaconda3/lib/python3.7/site-packages/nbclient/util.py", line 84, in wrapped
    return just_run(coro(*args, **kwargs))
  File "/home/leonidas/anaconda3/lib/python3.7/site-packages/nbclient/util.py", line 62, in just_run
    return loop.run_until_complete(coro)
  File "/home/leonidas/anaconda3/lib/python3.7/asyncio/base_events.py", line 583, in run_until_complete
    return future.result()
  File "/home/leonidas/anaconda3/lib/python3.7/site-packages/nbclient/client.py", line 664, in async_execute
    cell, index, execution_count=self.code_cells_executed + 1
  File "/home/leonidas/anaconda3/lib/python3.7/site-packages/nbclient/client.py", line 965, in async_execute_cell
    await self._check_raise_for_error(cell, cell_index, exec_reply)
  File "/home/leonidas/anaconda3/lib/python3.7/site-packages/nbclient/client.py", line 862, in _check_raise_for_error
    raise CellExecutionError.from_cell_and_msg(cell, exec_reply_content)
nbclient.exceptions.CellExecutionError: An error occurred while executing the following cell:
------------------
mydata_long2 =mydata_long.reset_index()

# create plot
myplot = sns.lineplot(x = "year", y = "Population", data=mydata_long, hue="Name",marker="o", palette=["green"] )
myplot.set(title='Πληθυσμιακή μεταβολή 2010-2019') # Ορισμός τίτλου
myplot.ticklabel_format(style='plain', axis='y') # ορισμός y axis labels σε plain format αντι scientific
plt.show()
------------------

[0;31m---------------------------------------------------------------------------[0m
[0;31mValueError[0m                                Traceback (most recent call last)
[0;32m<ipython-input-6-9e95b554c30c>[0m in [0;36m<module>[0;34m[0m
[1;32m      2[0m [0;34m[0m[0m
[1;32m      3[0m [0;31m# create plot[0m[0;34m[0m[0;34m[0m[0;34m[0m[0m
[0;32m----> 4[0;31m [0mmyplot[0m [0;34m=[0m [0msns[0m[0;34m.[0m[0mlineplot[0m[0;34m([0m[0mx[0m [0;34m=[0m [0;34m"year"[0m[0;34m,[0m [0my[0m [0;34m=[0m [0;34m"Population"[0m[0;34m,[0m [0mdata[0m[0;34m=[0m[0mmydata_long[0m[0;34m,[0m [0mhue[0m[0;34m=[0m[0;34m"Name"[0m[0;34m,[0m[0mmarker[0m[0;34m=[0m[0;34m"o"[0m[0;34m,[0m [0mpalette[0m[0;34m=[0m[0;34m[[0m[0;34m"green"[0m[0;34m][0m [0;34m)[0m[0;34m[0m[0;34m[0m[0m
[0m[1;32m      5[0m [0mmyplot[0m[0;34m.[0m[0mset[0m[0;34m([0m[0mtitle[0m[0;34m=[0m[0;34m'Πληθυσμιακή μεταβολή 2010-2019'[0m[0;34m)[0m [0;31m# Ορισμός τίτλου[0m[0;34m[0m[0;34m[0m[0m
[1;32m      6[0m [0mmyplot[0m[0;34m.[0m[0mticklabel_format[0m[0;34m([0m[0mstyle[0m[0;34m=[0m[0;34m'plain'[0m[0;34m,[0m [0maxis[0m[0;34m=[0m[0;34m'y'[0m[0;34m)[0m [0;31m# ορισμός y axis labels σε plain format αντι scientific[0m[0;34m[0m[0;34m[0m[0m

[0;32m~/anaconda3/lib/python3.7/site-packages/seaborn/relational.py[0m in [0;36mlineplot[0;34m(x, y, hue, size, style, data, palette, hue_order, hue_norm, sizes, size_order, size_norm, dashes, markers, style_order, units, estimator, ci, n_boot, seed, sort, err_style, err_kws, legend, ax, **kwargs)[0m
[1;32m   1129[0m         [0mdashes[0m[0;34m=[0m[0mdashes[0m[0;34m,[0m [0mmarkers[0m[0;34m=[0m[0mmarkers[0m[0;34m,[0m [0mstyle_order[0m[0;34m=[0m[0mstyle_order[0m[0;34m,[0m[0;34m[0m[0;34m[0m[0m
[1;32m   1130[0m         [0munits[0m[0;34m=[0m[0munits[0m[0;34m,[0m [0mestimator[0m[0;34m=[0m[0mestimator[0m[0;34m,[0m [0mci[0m[0;34m=[0m[0mci[0m[0;34m,[0m [0mn_boot[0m[0;34m=[0m[0mn_boot[0m[0;34m,[0m [0mseed[0m[0;34m=[0m[0mseed[0m[0;34m,[0m[0;34m[0m[0;34m[0m[0m
[0;32m-> 1131[0;31m         [0msort[0m[0;34m=[0m[0msort[0m[0;34m,[0m [0merr_style[0m[0;34m=[0m[0merr_style[0m[0;34m,[0m [0merr_kws[0m[0;34m=[0m[0merr_kws[0m[0;34m,[0m [0mlegend[0m[0;34m=[0m[0mlegend[0m[0;34m,[0m[0;34m[0m[0;34m[0m[0m
[0m[1;32m   1132[0m     )
[1;32m   1133[0m [0;34m[0m[0m

[0;32m~/anaconda3/lib/python3.7/site-packages/seaborn/relational.py[0m in [0;36m__init__[0;34m(self, x, y, hue, size, style, data, palette, hue_order, hue_norm, sizes, size_order, size_norm, dashes, markers, style_order, units, estimator, ci, n_boot, seed, sort, err_style, err_kws, legend)[0m
[1;32m    698[0m [0;34m[0m[0m
[1;32m    699[0m         plot_data = self.establish_variables(
[0;32m--> 700[0;31m             [0mx[0m[0;34m,[0m [0my[0m[0;34m,[0m [0mhue[0m[0;34m,[0m [0msize[0m[0;34m,[0m [0mstyle[0m[0;34m,[0m [0munits[0m[0;34m,[0m [0mdata[0m[0;34m[0m[0;34m[0m[0m
[0m[1;32m    701[0m         )
[1;32m    702[0m [0;34m[0m[0m

[0;32m~/anaconda3/lib/python3.7/site-packages/seaborn/relational.py[0m in [0;36mestablish_variables[0;34m(self, x, y, hue, size, style, units, data)[0m
[1;32m    140[0m                 [0;32mif[0m [0misinstance[0m[0;34m([0m[0mvar[0m[0;34m,[0m [0mstr[0m[0;34m)[0m[0;34m:[0m[0;34m[0m[0;34m[0m[0m
[1;32m    141[0m                     [0merr[0m [0;34m=[0m [0;34m"Could not interpret input '{}'"[0m[0;34m.[0m[0mformat[0m[0;34m([0m[0mvar[0m[0;34m)[0m[0;34m[0m[0;34m[0m[0m
[0;32m--> 142[0;31m                     [0;32mraise[0m [0mValueError[0m[0;34m([0m[0merr[0m[0;34m)[0m[0;34m[0m[0;34m[0m[0m
[0m[1;32m    143[0m [0;34m[0m[0m
[1;32m    144[0m             [0;31m# Extract variable names[0m[0;34m[0m[0;34m[0m[0;34m[0m[0m

[0;31mValueError[0m: Could not interpret input 'year'
ValueError: Could not interpret input 'year'

