Traceback (most recent call last):
  File "/home/leonidas/anaconda3/envs/book/lib/python3.10/site-packages/jupyter_cache/executors/utils.py", line 51, in single_nb_execution
    executenb(
  File "/home/leonidas/anaconda3/envs/book/lib/python3.10/site-packages/nbclient/client.py", line 1204, in execute
    return NotebookClient(nb=nb, resources=resources, km=km, **kwargs).execute()
  File "/home/leonidas/anaconda3/envs/book/lib/python3.10/site-packages/nbclient/util.py", line 84, in wrapped
    return just_run(coro(*args, **kwargs))
  File "/home/leonidas/anaconda3/envs/book/lib/python3.10/site-packages/nbclient/util.py", line 62, in just_run
    return loop.run_until_complete(coro)
  File "/home/leonidas/anaconda3/envs/book/lib/python3.10/asyncio/base_events.py", line 641, in run_until_complete
    return future.result()
  File "/home/leonidas/anaconda3/envs/book/lib/python3.10/site-packages/nbclient/client.py", line 663, in async_execute
    await self.async_execute_cell(
  File "/home/leonidas/anaconda3/envs/book/lib/python3.10/site-packages/nbclient/client.py", line 965, in async_execute_cell
    await self._check_raise_for_error(cell, cell_index, exec_reply)
  File "/home/leonidas/anaconda3/envs/book/lib/python3.10/site-packages/nbclient/client.py", line 862, in _check_raise_for_error
    raise CellExecutionError.from_cell_and_msg(cell, exec_reply_content)
nbclient.exceptions.CellExecutionError: An error occurred while executing the following cell:
------------------
if score >= 90:
    letter = 'A'
elif score >= 80:
    letter = 'B'
elif score >= 70:
    letter = 'C'
elif score >= 60:
    letter = 'D'
else:
    letter = 'F'
------------------

[0;31m---------------------------------------------------------------------------[0m
[0;31mNameError[0m                                 Traceback (most recent call last)
Input [0;32mIn [22][0m, in [0;36m<cell line: 1>[0;34m()[0m
[0;32m----> 1[0m [38;5;28;01mif[39;00m [43mscore[49m [38;5;241m>[39m[38;5;241m=[39m [38;5;241m90[39m:
[1;32m      2[0m     letter [38;5;241m=[39m [38;5;124m'[39m[38;5;124mA[39m[38;5;124m'[39m
[1;32m      3[0m [38;5;28;01melif[39;00m score [38;5;241m>[39m[38;5;241m=[39m [38;5;241m80[39m:

[0;31mNameError[0m: name 'score' is not defined
NameError: name 'score' is not defined

